<?xml version="1.0" encoding="UTF-8"?>
<!-- Generated by org.testng.reporters.JUnitXMLReporter -->
<testsuite ignored="0" hostname="DESKTOP-79IOCQ4" failures="0" tests="2" name="Default test" time="42.865" errors="0" timestamp="2023-05-27T21:01:04 IST">
  <testcase classname="tests.signoutTest" name="UserSignoutfromWelcomeUserAccountDropdowninsignoutOption" time="2.055"/>
  <testcase classname="tests.signoutTest" name="UserCheckstheSignoutfromwithoutclickSignoutoption" time="1.404"/>
</testsuite> <!-- Default test -->
