<?xml version="1.0" encoding="UTF-8"?>
<!-- Generated by org.testng.reporters.JUnitXMLReporter -->
<testsuite ignored="0" hostname="DESKTOP-79IOCQ4" failures="0" tests="2" name="signoutTest" time="86.187" errors="0" timestamp="2023-06-09T13:14:35 IST">
  <testcase classname="tests.signoutTest" name="UserSignoutfromWelcomeUserAccountDropdowninsignoutOption" time="6.184"/>
  <testcase classname="tests.signoutTest" name="UserCheckstheSignoutfromwithoutclickSignoutoption" time="0.0">
    <skipped/>
  </testcase> <!-- UserCheckstheSignoutfromwithoutclickSignoutoption -->
</testsuite> <!-- signoutTest -->
